c:\users\wilson\documents\graphics\glprogram\glprogram\debug\vc141.pdb
c:\users\wilson\documents\graphics\glprogram\glprogram\debug\vc141.idb
c:\users\wilson\documents\graphics\glprogram\glprogram\debug\uisystem.obj
c:\users\wilson\documents\graphics\glprogram\glprogram\debug\graphicsystem.obj
c:\users\wilson\documents\graphics\glprogram\glprogram\debug\gameobjectmanager.obj
c:\users\wilson\documents\graphics\glprogram\glprogram\debug\imgui_impl_glfw_gl3.obj
c:\users\wilson\documents\graphics\glprogram\glprogram\debug\imgui_draw.obj
c:\users\wilson\documents\graphics\glprogram\glprogram\debug\imgui.obj
c:\users\wilson\documents\graphics\glprogram\glprogram\debug\vertexbuffer.obj
c:\users\wilson\documents\graphics\glprogram\glprogram\debug\vertexarray.obj
c:\users\wilson\documents\graphics\glprogram\glprogram\debug\texture.obj
c:\users\wilson\documents\graphics\glprogram\glprogram\debug\stb_image.obj
c:\users\wilson\documents\graphics\glprogram\glprogram\debug\shader.obj
c:\users\wilson\documents\graphics\glprogram\glprogram\debug\renderer.obj
c:\users\wilson\documents\graphics\glprogram\glprogram\debug\indexbuffer.obj
c:\users\wilson\documents\graphics\glprogram\glprogram\debug\rigidbodycomponent.obj
c:\users\wilson\documents\graphics\glprogram\glprogram\debug\graphiccomponent.obj
c:\users\wilson\documents\graphics\glprogram\glprogram\debug\geometrycube.obj
c:\users\wilson\documents\graphics\glprogram\glprogram\debug\geometrycomponent.obj
c:\users\wilson\documents\graphics\glprogram\glprogram\debug\gameobject.obj
c:\users\wilson\documents\graphics\glprogram\glprogram\debug\application.obj
c:\users\wilson\documents\graphics\glprogram\debug\glprogram.exe
c:\users\wilson\documents\graphics\glprogram\debug\glprogram.ilk
c:\users\wilson\documents\graphics\glprogram\debug\glprogram.pdb
c:\users\wilson\documents\graphics\glprogram\glprogram\debug\glprogram.tlog\cl.command.1.tlog
c:\users\wilson\documents\graphics\glprogram\glprogram\debug\glprogram.tlog\cl.read.1.tlog
c:\users\wilson\documents\graphics\glprogram\glprogram\debug\glprogram.tlog\cl.write.1.tlog
c:\users\wilson\documents\graphics\glprogram\glprogram\debug\glprogram.tlog\link.command.1.tlog
c:\users\wilson\documents\graphics\glprogram\glprogram\debug\glprogram.tlog\link.read.1.tlog
c:\users\wilson\documents\graphics\glprogram\glprogram\debug\glprogram.tlog\link.write.1.tlog
